d:\documents\re\pvz\external\pvzgoty0.1.2\x64\debug\vc143.pdb
d:\documents\re\pvz\external\pvzgoty0.1.2\x64\debug\vc143.idb
d:\documents\re\pvz\external\pvzgoty0.1.2\x64\debug\main.obj
d:\documents\re\pvz\external\pvzgoty0.1.2\x64\debug\imgui.obj
d:\documents\re\pvz\external\pvzgoty0.1.2\x64\debug\imgui_widgets.obj
d:\documents\re\pvz\external\pvzgoty0.1.2\x64\debug\imgui_tables.obj
d:\documents\re\pvz\external\pvzgoty0.1.2\x64\debug\imgui_draw.obj
d:\documents\re\pvz\external\pvzgoty0.1.2\x64\debug\imgui_demo.obj
d:\documents\re\pvz\external\pvzgoty0.1.2\x64\debug\imgui_impl_opengl3.obj
d:\documents\re\pvz\external\pvzgoty0.1.2\x64\debug\imgui_impl_glfw.obj
d:\documents\re\pvz\external\pvzgoty0.1.2\x64\debug\imgui_impl_win32.obj
d:\documents\re\pvz\external\pvzgoty0.1.2\x64\debug\imgui_impl_dx11.obj
d:\documents\re\pvz\external\pvzgoty0.1.2\x64\debug\pvzgoty0.1.2.exe
d:\documents\re\pvz\external\pvzgoty0.1.2\x64\debug\pvzgoty0.1.2.ilk
d:\documents\re\pvz\external\pvzgoty0.1.2\x64\debug\pvzgoty0.1.2.pdb
d:\documents\re\pvz\external\pvzgoty0.1.2\x64\debug\pvzgoty0.1.2.tlog\cl.command.1.tlog
d:\documents\re\pvz\external\pvzgoty0.1.2\x64\debug\pvzgoty0.1.2.tlog\cl.read.1.tlog
d:\documents\re\pvz\external\pvzgoty0.1.2\x64\debug\pvzgoty0.1.2.tlog\cl.write.1.tlog
d:\documents\re\pvz\external\pvzgoty0.1.2\x64\debug\pvzgoty0.1.2.tlog\link.command.1.tlog
d:\documents\re\pvz\external\pvzgoty0.1.2\x64\debug\pvzgoty0.1.2.tlog\link.read.1.tlog
d:\documents\re\pvz\external\pvzgoty0.1.2\x64\debug\pvzgoty0.1.2.tlog\link.write.1.tlog
